<?xml version="1.0" encoding="UTF-8"?><testrun name="co.com.techandsolve.testatdd" project="CreditCardWeb" tests="17" started="17" failures="0" errors="2" ignored="0">
  <testsuite name="co.com.techandsolve.testatdd.CucumberConfig" time="21.289">
    <testsuite name="Feature: Guardar factura" time="1.021">
      <testsuite name="Scenario: guardar una factura" time="1.021" incomplete="true">
        <error>java.lang.NullPointerException
	at co.com.techandsolve.testatdd.GuardarFeature.after(GuardarFeature.java:38)
	at sun.reflect.NativeMethodAccessorImpl.invoke0(Native Method)
	at sun.reflect.NativeMethodAccessorImpl.invoke(NativeMethodAccessorImpl.java:62)
	at sun.reflect.DelegatingMethodAccessorImpl.invoke(DelegatingMethodAccessorImpl.java:43)
	at java.lang.reflect.Method.invoke(Method.java:498)
	at cucumber.runtime.Utils$1.call(Utils.java:37)
	at cucumber.runtime.Timeout.timeout(Timeout.java:13)
	at cucumber.runtime.Utils.invoke(Utils.java:31)
	at cucumber.runtime.java.JavaHookDefinition.execute(JavaHookDefinition.java:60)
	at cucumber.runtime.Runtime.runHookIfTagsMatch(Runtime.java:223)
	at cucumber.runtime.Runtime.runHooks(Runtime.java:211)
	at cucumber.runtime.Runtime.runAfterHooks(Runtime.java:205)
	at cucumber.runtime.model.CucumberScenario.run(CucumberScenario.java:46)
	at cucumber.runtime.junit.ExecutionUnitRunner.run(ExecutionUnitRunner.java:91)
	at cucumber.runtime.junit.FeatureRunner.runChild(FeatureRunner.java:63)
	at cucumber.runtime.junit.FeatureRunner.runChild(FeatureRunner.java:18)
	at org.junit.runners.ParentRunner$3.run(ParentRunner.java:238)
	at org.junit.runners.ParentRunner$1.schedule(ParentRunner.java:63)
	at org.junit.runners.ParentRunner.runChildren(ParentRunner.java:236)
	at org.junit.runners.ParentRunner.access$000(ParentRunner.java:53)
	at org.junit.runners.ParentRunner$2.evaluate(ParentRunner.java:229)
	at org.junit.runners.ParentRunner.run(ParentRunner.java:309)
	at cucumber.runtime.junit.FeatureRunner.run(FeatureRunner.java:70)
	at cucumber.api.junit.Cucumber.runChild(Cucumber.java:93)
	at cucumber.api.junit.Cucumber.runChild(Cucumber.java:37)
	at org.junit.runners.ParentRunner$3.run(ParentRunner.java:238)
	at org.junit.runners.ParentRunner$1.schedule(ParentRunner.java:63)
	at org.junit.runners.ParentRunner.runChildren(ParentRunner.java:236)
	at org.junit.runners.ParentRunner.access$000(ParentRunner.java:53)
	at org.junit.runners.ParentRunner$2.evaluate(ParentRunner.java:229)
	at org.junit.runners.ParentRunner.run(ParentRunner.java:309)
	at cucumber.api.junit.Cucumber.run(Cucumber.java:98)
	at org.eclipse.jdt.internal.junit4.runner.JUnit4TestReference.run(JUnit4TestReference.java:50)
	at org.eclipse.jdt.internal.junit.runner.TestExecution.run(TestExecution.java:38)
	at org.eclipse.jdt.internal.junit.runner.RemoteTestRunner.runTests(RemoteTestRunner.java:459)
	at org.eclipse.jdt.internal.junit.runner.RemoteTestRunner.runTests(RemoteTestRunner.java:675)
	at org.eclipse.jdt.internal.junit.runner.RemoteTestRunner.run(RemoteTestRunner.java:382)
	at org.eclipse.jdt.internal.junit.runner.RemoteTestRunner.main(RemoteTestRunner.java:192)

</error>
        <testcase name="Given Dado que el usuario ingresa a la aplicacion para guardar una factura" classname="Scenario: guardar una factura" time="0.459"/>
        <testcase name="When El usuario ingresa la factura con el nombre &quot;Factura de credito (test)&quot;, con la descripcion &quot;Valor a pagar&quot; y con el monto de 500000" classname="Scenario: guardar una factura" time="0.237"/>
        <testcase name="Then el sistema visualiza un mensaje  con el nombre de &quot;Se encolo la factura!.&quot;" classname="Scenario: guardar una factura" time="0.325"/>
      </testsuite>
    </testsuite>
    <testsuite name="Feature: Guardar tarjeta" time="0.986">
      <testsuite name="Scenario: guardar una tarjeta" time="0.986" incomplete="true">
        <error>java.lang.NullPointerException
	at co.com.techandsolve.testatdd.GuardarFacturaFeature.after(GuardarFacturaFeature.java:32)
	at sun.reflect.NativeMethodAccessorImpl.invoke0(Native Method)
	at sun.reflect.NativeMethodAccessorImpl.invoke(NativeMethodAccessorImpl.java:62)
	at sun.reflect.DelegatingMethodAccessorImpl.invoke(DelegatingMethodAccessorImpl.java:43)
	at java.lang.reflect.Method.invoke(Method.java:498)
	at cucumber.runtime.Utils$1.call(Utils.java:37)
	at cucumber.runtime.Timeout.timeout(Timeout.java:13)
	at cucumber.runtime.Utils.invoke(Utils.java:31)
	at cucumber.runtime.java.JavaHookDefinition.execute(JavaHookDefinition.java:60)
	at cucumber.runtime.Runtime.runHookIfTagsMatch(Runtime.java:223)
	at cucumber.runtime.Runtime.runHooks(Runtime.java:211)
	at cucumber.runtime.Runtime.runAfterHooks(Runtime.java:205)
	at cucumber.runtime.model.CucumberScenario.run(CucumberScenario.java:46)
	at cucumber.runtime.junit.ExecutionUnitRunner.run(ExecutionUnitRunner.java:91)
	at cucumber.runtime.junit.FeatureRunner.runChild(FeatureRunner.java:63)
	at cucumber.runtime.junit.FeatureRunner.runChild(FeatureRunner.java:18)
	at org.junit.runners.ParentRunner$3.run(ParentRunner.java:238)
	at org.junit.runners.ParentRunner$1.schedule(ParentRunner.java:63)
	at org.junit.runners.ParentRunner.runChildren(ParentRunner.java:236)
	at org.junit.runners.ParentRunner.access$000(ParentRunner.java:53)
	at org.junit.runners.ParentRunner$2.evaluate(ParentRunner.java:229)
	at org.junit.runners.ParentRunner.run(ParentRunner.java:309)
	at cucumber.runtime.junit.FeatureRunner.run(FeatureRunner.java:70)
	at cucumber.api.junit.Cucumber.runChild(Cucumber.java:93)
	at cucumber.api.junit.Cucumber.runChild(Cucumber.java:37)
	at org.junit.runners.ParentRunner$3.run(ParentRunner.java:238)
	at org.junit.runners.ParentRunner$1.schedule(ParentRunner.java:63)
	at org.junit.runners.ParentRunner.runChildren(ParentRunner.java:236)
	at org.junit.runners.ParentRunner.access$000(ParentRunner.java:53)
	at org.junit.runners.ParentRunner$2.evaluate(ParentRunner.java:229)
	at org.junit.runners.ParentRunner.run(ParentRunner.java:309)
	at cucumber.api.junit.Cucumber.run(Cucumber.java:98)
	at org.eclipse.jdt.internal.junit4.runner.JUnit4TestReference.run(JUnit4TestReference.java:50)
	at org.eclipse.jdt.internal.junit.runner.TestExecution.run(TestExecution.java:38)
	at org.eclipse.jdt.internal.junit.runner.RemoteTestRunner.runTests(RemoteTestRunner.java:459)
	at org.eclipse.jdt.internal.junit.runner.RemoteTestRunner.runTests(RemoteTestRunner.java:675)
	at org.eclipse.jdt.internal.junit.runner.RemoteTestRunner.run(RemoteTestRunner.java:382)
	at org.eclipse.jdt.internal.junit.runner.RemoteTestRunner.main(RemoteTestRunner.java:192)

</error>
        <testcase name="Given Dado que el usuario ingresa a la aplicacion para guardar una tarjeta" classname="Scenario: guardar una tarjeta" time="0.413"/>
        <testcase name="When El usuario busque con la cedula 11111 y da click en el boton nuevo" classname="Scenario: guardar una tarjeta" time="0.24"/>
        <testcase name="Then debe registrar la tarjeta con el nombre &quot;Tarjeta Master Card&quot; con el monto de 500000 y en la fecha 2016-10-10" classname="Scenario: guardar una tarjeta" time="0.171"/>
        <testcase name="Then debe visualizar una dialog con el mensaje &quot;Se creo la tarjeta correctamente!.&quot;" classname="Scenario: guardar una tarjeta" time="0.162"/>
      </testsuite>
    </testsuite>
    <testsuite name="Feature: listar tarjetas" time="10.649">
      <testsuite name="Scenario: listar por cedula" time="0.566">
        <testcase name="Given Dado que el usuario ingresa a la aplicacion" classname="Scenario: listar por cedula" time="0.237"/>
        <testcase name="When El usuario busque con la cedula 11111" classname="Scenario: listar por cedula" time="0.047"/>
        <testcase name="Then debe aparcer el usuario 11111" classname="Scenario: listar por cedula" time="0.282"/>
      </testsuite>
      <testsuite name="Scenario: tarjetas bloqueadas" time="0.524">
        <testcase name="Given Dado que el usuario ingresa a la aplicacion" classname="Scenario: tarjetas bloqueadas" time="0.277"/>
        <testcase name="When El usuario busque con la cedula 22222" classname="Scenario: tarjetas bloqueadas" time="0.06"/>
        <testcase name="Then Debe aparecer una alerta especificando el error &quot;locked card&quot;" classname="Scenario: tarjetas bloqueadas" time="0.186"/>
      </testsuite>
      <testsuite name="Scenario: eliminar una tarjeta" time="1.186">
        <testcase name="Given Dado que el usuario ingresa a la aplicacion" classname="Scenario: eliminar una tarjeta" time="0.716"/>
        <testcase name="When El usuario busque con la cedula 11111" classname="Scenario: eliminar una tarjeta" time="0.201"/>
        <testcase name="Then Debe eliminar la tarjeta &quot;Tarjeta Test&quot; y aceptar el mensaje &quot;Desea eliminar la tarjeta?&quot;" classname="Scenario: eliminar una tarjeta" time="0.111"/>
        <testcase name="Then Debe aparecer una alerta especificando mensaje exitoso &quot;Se elimino la tarjeta&quot;" classname="Scenario: eliminar una tarjeta" time="0.158"/>
      </testsuite>
    </testsuite>
  </testsuite>
</testrun>
